2020-01-01 22:11:07 INFO  Version:21 - HV000001: Hibernate Validator 6.0.16.Final
2020-01-01 22:11:07 INFO  Application:50 - Starting Application on DESKTOP-9TJGKIL with PID 5108 (F:\study\project\dreamshop\dreamshop-api\target\classes started by DreamHeng in F:\study\project\dreamshop)
2020-01-01 22:11:07 INFO  Application:679 - The following profiles are active: dev
2020-01-01 22:11:09 WARN  ClassPathMapperScanner:44 - No MyBatis mapper was found in '[com.dreamshop]' package. Please check your configuration.
2020-01-01 22:11:09 INFO  PostProcessorRegistrationDelegate$BeanPostProcessorChecker:330 - Bean 'org.springframework.transaction.annotation.ProxyTransactionManagementConfiguration' of type [org.springframework.transaction.annotation.ProxyTransactionManagementConfiguration$$EnhancerBySpringCGLIB$$abe4422b] is not eligible for getting processed by all BeanPostProcessors (for example: not eligible for auto-proxying)
2020-01-01 22:11:09 INFO  TomcatWebServer:90 - Tomcat initialized with port(s): 8888 (http)
2020-01-01 22:11:09 INFO  ContextLoader:296 - Root WebApplicationContext: initialization completed in 2009 ms
2020-01-01 22:11:11 INFO  ThreadPoolTaskExecutor:171 - Initializing ExecutorService 'applicationTaskExecutor'
2020-01-01 22:11:11 INFO  MapperCacheDisabler:60 - Clear tk.mybatis.mapper.util.MsUtil CLASS_CACHE cache.
2020-01-01 22:11:11 INFO  MapperCacheDisabler:60 - Clear tk.mybatis.mapper.genid.GenIdUtil CACHE cache.
2020-01-01 22:11:11 INFO  MapperCacheDisabler:60 - Clear tk.mybatis.mapper.version.VersionUtil CACHE cache.
2020-01-01 22:11:11 INFO  MapperCacheDisabler:83 - Clear EntityHelper entityTableMap cache.
2020-01-01 22:11:12 INFO  DocumentationPluginsBootstrapper:84 - Context refreshed
2020-01-01 22:11:12 INFO  DocumentationPluginsBootstrapper:87 - Found 1 custom documentation plugin(s)
2020-01-01 22:11:12 INFO  ApiListingReferenceScanner:44 - Scanning for api listing references
2020-01-01 22:11:12 INFO  CachingOperationNameGenerator:40 - Generating unique operation named: catsUsingGET_1
2020-01-01 22:11:12 WARN  OperationImplicitParameterReader:88 - Coercing to be of type string. This may not even be a scalar type in actuality
2020-01-01 22:11:12 WARN  OperationImplicitParameterReader:88 - Coercing to be of type string. This may not even be a scalar type in actuality
2020-01-01 22:11:12 WARN  OperationImplicitParameterReader:88 - Coercing to be of type string. This may not even be a scalar type in actuality
2020-01-01 22:11:12 WARN  OperationImplicitParameterReader:88 - Coercing to be of type string. This may not even be a scalar type in actuality
2020-01-01 22:11:12 WARN  OperationImplicitParameterReader:88 - Coercing to be of type string. This may not even be a scalar type in actuality
2020-01-01 22:11:12 WARN  OperationImplicitParameterReader:88 - Coercing to be of type string. This may not even be a scalar type in actuality
2020-01-01 22:11:12 WARN  OperationImplicitParameterReader:88 - Coercing to be of type string. This may not even be a scalar type in actuality
2020-01-01 22:11:12 INFO  TomcatWebServer:204 - Tomcat started on port(s): 8888 (http) with context path ''
2020-01-01 22:11:12 INFO  Application:59 - Started Application in 5.003 seconds (JVM running for 6.232)
2020-01-01 22:11:15 INFO  DispatcherServlet:524 - Initializing Servlet 'dispatcherServlet'
2020-01-01 22:11:15 INFO  DispatcherServlet:546 - Completed initialization in 10 ms
2020-01-01 22:11:15 INFO  ServiceLogAspect:37 - ====== 开始执行 class com.dreamshop.service.impl.CategoryServiceImpl.getSubCatList ======
2020-01-01 22:11:15 INFO  ServiceLogAspect:37 - ====== 开始执行 class com.dreamshop.service.impl.CategoryServiceImpl.getSubCatList ======
2020-01-01 22:11:15 INFO  ServiceLogAspect:37 - ====== 开始执行 class com.dreamshop.service.impl.CategoryServiceImpl.getSubCatList ======
2020-01-01 22:11:15 INFO  HikariDataSource:110 - DateSourceHikariCP - Starting...
2020-01-01 22:11:15 INFO  HikariDataSource:123 - DateSourceHikariCP - Start completed.
2020-01-01 22:11:15 INFO  ServiceLogAspect:55 - ====== 执行结束，耗时：288 毫秒 ======
2020-01-01 22:11:15 INFO  ServiceLogAspect:55 - ====== 执行结束，耗时：287 毫秒 ======
2020-01-01 22:11:15 INFO  ServiceLogAspect:55 - ====== 执行结束，耗时：288 毫秒 ======
2020-01-01 22:11:17 INFO  ServiceLogAspect:37 - ====== 开始执行 class com.dreamshop.service.impl.CategoryServiceImpl.queryAllRootLevelCat ======
2020-01-01 22:11:17 INFO  ServiceLogAspect:37 - ====== 开始执行 class com.dreamshop.service.impl.CarouselServiceImpl.queryAll ======
2020-01-01 22:11:17 INFO  ServiceLogAspect:55 - ====== 执行结束，耗时：60 毫秒 ======
2020-01-01 22:11:17 INFO  ServiceLogAspect:55 - ====== 执行结束，耗时：61 毫秒 ======
2020-01-01 22:11:18 INFO  ServiceLogAspect:37 - ====== 开始执行 class com.dreamshop.service.impl.CategoryServiceImpl.getSubCatList ======
2020-01-01 22:11:18 INFO  ServiceLogAspect:55 - ====== 执行结束，耗时：4 毫秒 ======
2020-01-01 22:11:18 INFO  ServiceLogAspect:37 - ====== 开始执行 class com.dreamshop.service.impl.CategoryServiceImpl.getSubCatList ======
2020-01-01 22:11:18 INFO  ServiceLogAspect:55 - ====== 执行结束，耗时：9 毫秒 ======
2020-01-01 22:11:19 INFO  ServiceLogAspect:37 - ====== 开始执行 class com.dreamshop.service.impl.CategoryServiceImpl.getSubCatList ======
2020-01-01 22:11:19 INFO  ServiceLogAspect:55 - ====== 执行结束，耗时：5 毫秒 ======
2020-01-01 22:11:23 INFO  ServiceLogAspect:37 - ====== 开始执行 class com.dreamshop.service.impl.CategoryServiceImpl.getSubCatList ======
2020-01-01 22:11:23 INFO  ServiceLogAspect:55 - ====== 执行结束，耗时：7 毫秒 ======
2020-01-01 22:11:23 INFO  ServiceLogAspect:37 - ====== 开始执行 class com.dreamshop.service.impl.CategoryServiceImpl.getSubCatList ======
2020-01-01 22:11:23 INFO  ServiceLogAspect:55 - ====== 执行结束，耗时：5 毫秒 ======
2020-01-01 22:11:24 INFO  ServiceLogAspect:37 - ====== 开始执行 class com.dreamshop.service.impl.CategoryServiceImpl.getSubCatList ======
2020-01-01 22:11:24 INFO  ServiceLogAspect:55 - ====== 执行结束，耗时：5 毫秒 ======
2020-01-01 22:11:24 INFO  ServiceLogAspect:37 - ====== 开始执行 class com.dreamshop.service.impl.CategoryServiceImpl.getSubCatList ======
2020-01-01 22:11:24 INFO  ServiceLogAspect:55 - ====== 执行结束，耗时：4 毫秒 ======
2020-01-01 22:11:24 INFO  ServiceLogAspect:37 - ====== 开始执行 class com.dreamshop.service.impl.CategoryServiceImpl.getSubCatList ======
2020-01-01 22:11:24 INFO  ServiceLogAspect:55 - ====== 执行结束，耗时：3 毫秒 ======
2020-01-01 22:11:24 INFO  ServiceLogAspect:37 - ====== 开始执行 class com.dreamshop.service.impl.CategoryServiceImpl.getSubCatList ======
2020-01-01 22:11:24 INFO  ServiceLogAspect:55 - ====== 执行结束，耗时：4 毫秒 ======
2020-01-01 22:11:24 INFO  ServiceLogAspect:37 - ====== 开始执行 class com.dreamshop.service.impl.CategoryServiceImpl.getSubCatList ======
2020-01-01 22:11:24 INFO  ServiceLogAspect:55 - ====== 执行结束，耗时：5 毫秒 ======
2020-01-01 22:11:58 INFO  ServiceLogAspect:37 - ====== 开始执行 class com.dreamshop.service.impl.CategoryServiceImpl.getSubCatList ======
2020-01-01 22:11:59 INFO  ServiceLogAspect:55 - ====== 执行结束，耗时：7 毫秒 ======
